[2022-12-27 20:58:26,504] {taskinstance.py:1159} INFO - Dependencies all met for <TaskInstance: parking_pipeline.transform_data scheduled__2022-12-27T20:51:20.799034+00:00 [queued]>
[2022-12-27 20:58:26,510] {taskinstance.py:1159} INFO - Dependencies all met for <TaskInstance: parking_pipeline.transform_data scheduled__2022-12-27T20:51:20.799034+00:00 [queued]>
[2022-12-27 20:58:26,511] {taskinstance.py:1356} INFO - 
--------------------------------------------------------------------------------
[2022-12-27 20:58:26,512] {taskinstance.py:1357} INFO - Starting attempt 2 of 2
[2022-12-27 20:58:26,512] {taskinstance.py:1358} INFO - 
--------------------------------------------------------------------------------
[2022-12-27 20:58:26,522] {taskinstance.py:1377} INFO - Executing <Task(PythonOperator): transform_data> on 2022-12-27 20:51:20.799034+00:00
[2022-12-27 20:58:26,526] {standard_task_runner.py:52} INFO - Started process 8170 to run task
[2022-12-27 20:58:26,530] {standard_task_runner.py:79} INFO - Running: ['***', 'tasks', 'run', 'parking_pipeline', 'transform_data', 'scheduled__2022-12-27T20:51:20.799034+00:00', '--job-id', '354', '--raw', '--subdir', 'DAGS_FOLDER/parking_dag.py', '--cfg-path', '/tmp/tmpg8wzqp2d', '--error-file', '/tmp/tmp_yufzv71']
[2022-12-27 20:58:26,531] {standard_task_runner.py:80} INFO - Job 354: Subtask transform_data
[2022-12-27 20:58:26,580] {task_command.py:369} INFO - Running <TaskInstance: parking_pipeline.transform_data scheduled__2022-12-27T20:51:20.799034+00:00 [running]> on host 8fbeee8d3d5a
[2022-12-27 20:58:26,639] {taskinstance.py:1571} INFO - Exporting the following env vars:
AIRFLOW_CTX_DAG_OWNER=Airflow
AIRFLOW_CTX_DAG_ID=parking_pipeline
AIRFLOW_CTX_TASK_ID=transform_data
AIRFLOW_CTX_EXECUTION_DATE=2022-12-27T20:51:20.799034+00:00
AIRFLOW_CTX_TRY_NUMBER=2
AIRFLOW_CTX_DAG_RUN_ID=scheduled__2022-12-27T20:51:20.799034+00:00
[2022-12-27 20:58:26,655] {taskinstance.py:1889} ERROR - Task failed with exception
Traceback (most recent call last):
  File "/home/airflow/.local/lib/python3.7/site-packages/airflow/operators/python.py", line 171, in execute
    return_value = self.execute_callable()
  File "/home/airflow/.local/lib/python3.7/site-packages/airflow/operators/python.py", line 189, in execute_callable
    return self.python_callable(*self.op_args, **self.op_kwargs)
  File "/opt/airflow/dags/parking_dag.py", line 38, in _transform_parking_data
    df = df.set_index("parkingTransactionKey")
  File "/home/airflow/.local/lib/python3.7/site-packages/pandas/util/_decorators.py", line 311, in wrapper
    return func(*args, **kwargs)
  File "/home/airflow/.local/lib/python3.7/site-packages/pandas/core/frame.py", line 5451, in set_index
    raise KeyError(f"None of {missing} are in the columns")
KeyError: "None of ['parkingTransactionKey'] are in the columns"
[2022-12-27 20:58:26,667] {taskinstance.py:1400} INFO - Marking task as FAILED. dag_id=parking_pipeline, task_id=transform_data, execution_date=20221227T205120, start_date=20221227T205826, end_date=20221227T205826
[2022-12-27 20:58:26,674] {standard_task_runner.py:97} ERROR - Failed to execute job 354 for task transform_data ("None of ['parkingTransactionKey'] are in the columns"; 8170)
[2022-12-27 20:58:26,703] {local_task_job.py:156} INFO - Task exited with return code 1
[2022-12-27 20:58:26,732] {local_task_job.py:273} INFO - 0 downstream tasks scheduled from follow-on schedule check
